<?xml version="1.0" encoding="UTF-8"?>
<testsuites name="DICOM Viewer Tests" tests="0" failures="0" errors="0" time="4.549">
</testsuites>